<?xml version="1.0" encoding="UTF-8"?>
<testsuite name="hello.HelloWorldControllerTest" tests="1" skipped="0" failures="0" errors="0" timestamp="2017-08-08T11:17:12" hostname="728c3329-6667-4718-4b18-3fcc49490507" time="0.082">
  <properties/>
  <testcase name="testIndexPageContent" classname="hello.HelloWorldControllerTest" time="0.082"/>
  <system-out><![CDATA[]]></system-out>
  <system-err><![CDATA[]]></system-err>
</testsuite>
