<?xml version="1.0" encoding="UTF-8"?>
<testsuite name="hello.HelloWorldControllerTest" tests="1" skipped="0" failures="0" errors="0" timestamp="2017-08-09T05:53:50" hostname="ee0349a3-e3a7-4ad8-5577-f2a6c330b8c9" time="0.044">
  <properties/>
  <testcase name="testIndexPageContent" classname="hello.HelloWorldControllerTest" time="0.044"/>
  <system-out><![CDATA[]]></system-out>
  <system-err><![CDATA[]]></system-err>
</testsuite>
