<?xml version="1.0" encoding="UTF-8"?>
<testsuite name="hello.HelloWorldControllerTest" tests="1" skipped="0" failures="0" errors="0" timestamp="2017-08-08T11:36:04" hostname="27b67ee8-f0b5-4361-6dcd-00c8c3c65c17" time="0.058">
  <properties/>
  <testcase name="testIndexPageContent" classname="hello.HelloWorldControllerTest" time="0.058"/>
  <system-out><![CDATA[]]></system-out>
  <system-err><![CDATA[]]></system-err>
</testsuite>
